<?xml version="1.0" encoding="UTF-8"?>
<testng-results skipped="0" failed="0" ignored="0" total="0" passed="0">
  <reporter-output>
  </reporter-output>
  <suite name="day1.Test1" duration-ms="8" started-at="2023-04-26T17:27:49 EEST" finished-at="2023-04-26T17:27:49 EEST">
    <groups>
    </groups>
    <test name="Command line test" duration-ms="8" started-at="2023-04-26T17:27:49 EEST" finished-at="2023-04-26T17:27:49 EEST">
    </test> <!-- Command line test -->
  </suite> <!-- day1.Test1 -->
</testng-results>
